Determining if the pthread_create exist failed with the following output:
Change Dir: /home/madhan/soccer_ws/build/CMakeFiles/CMakeTmp

Run Build Command:"/usr/bin/make" "cmTC_bf93e/fast"
/usr/bin/make -f CMakeFiles/cmTC_bf93e.dir/build.make CMakeFiles/cmTC_bf93e.dir/build
make[1]: Entering directory '/home/madhan/soccer_ws/build/CMakeFiles/CMakeTmp'
Building C object CMakeFiles/cmTC_bf93e.dir/CheckSymbolExists.c.o
/usr/bin/cc     -o CMakeFiles/cmTC_bf93e.dir/CheckSymbolExists.c.o   -c /home/madhan/soccer_ws/build/CMakeFiles/CMakeTmp/CheckSymbolExists.c
Linking C executable cmTC_bf93e
/usr/bin/cmake -E cmake_link_script CMakeFiles/cmTC_bf93e.dir/link.txt --verbose=1
/usr/bin/cc       CMakeFiles/cmTC_bf93e.dir/CheckSymbolExists.c.o  -o cmTC_bf93e -rdynamic 
CMakeFiles/cmTC_bf93e.dir/CheckSymbolExists.c.o: In function `main':
CheckSymbolExists.c:(.text+0x16): undefined reference to `pthread_create'
collect2: error: ld returned 1 exit status
CMakeFiles/cmTC_bf93e.dir/build.make:97: recipe for target 'cmTC_bf93e' failed
make[1]: *** [cmTC_bf93e] Error 1
make[1]: Leaving directory '/home/madhan/soccer_ws/build/CMakeFiles/CMakeTmp'
Makefile:126: recipe for target 'cmTC_bf93e/fast' failed
make: *** [cmTC_bf93e/fast] Error 2

File /home/madhan/soccer_ws/build/CMakeFiles/CMakeTmp/CheckSymbolExists.c:
/* */
#include <pthread.h>

int main(int argc, char** argv)
{
  (void)argv;
#ifndef pthread_create
  return ((int*)(&pthread_create))[argc];
#else
  (void)argc;
  return 0;
#endif
}

Determining if the function pthread_create exists in the pthreads failed with the following output:
Change Dir: /home/madhan/soccer_ws/build/CMakeFiles/CMakeTmp

Run Build Command:"/usr/bin/make" "cmTC_eed67/fast"
/usr/bin/make -f CMakeFiles/cmTC_eed67.dir/build.make CMakeFiles/cmTC_eed67.dir/build
make[1]: Entering directory '/home/madhan/soccer_ws/build/CMakeFiles/CMakeTmp'
Building C object CMakeFiles/cmTC_eed67.dir/CheckFunctionExists.c.o
/usr/bin/cc    -DCHECK_FUNCTION_EXISTS=pthread_create   -o CMakeFiles/cmTC_eed67.dir/CheckFunctionExists.c.o   -c /usr/share/cmake-3.5/Modules/CheckFunctionExists.c
Linking C executable cmTC_eed67
/usr/bin/cmake -E cmake_link_script CMakeFiles/cmTC_eed67.dir/link.txt --verbose=1
/usr/bin/cc   -DCHECK_FUNCTION_EXISTS=pthread_create    CMakeFiles/cmTC_eed67.dir/CheckFunctionExists.c.o  -o cmTC_eed67 -rdynamic -lpthreads 
/usr/bin/ld: cannot find -lpthreads
collect2: error: ld returned 1 exit status
CMakeFiles/cmTC_eed67.dir/build.make:97: recipe for target 'cmTC_eed67' failed
make[1]: *** [cmTC_eed67] Error 1
make[1]: Leaving directory '/home/madhan/soccer_ws/build/CMakeFiles/CMakeTmp'
Makefile:126: recipe for target 'cmTC_eed67/fast' failed
make: *** [cmTC_eed67/fast] Error 2


